<?xml version="1.0" encoding="UTF-8"?>
<!-- Generated by org.testng.reporters.JUnitXMLReporter -->
<testsuite ignored="16" hostname="DESKTOP-182DAJ6" failures="0" tests="1" name="Default test" time="8.866" errors="0" timestamp="2024-12-16T11:56:57 IST">
  <testcase classname="com15dec.loginpage" name="removeoneItemfrotwolist" time="8.781"/>
  <testcase classname="com15dec.loginpage" name="testremovefromcard" time="0.0">
    <ignored/>
  </testcase> <!-- testremovefromcard -->
  <testcase classname="com15dec.loginpage" name="verifycountf2" time="0.0">
    <ignored/>
  </testcase> <!-- verifycountf2 -->
  <testcase classname="com15dec.loginpage" name="selectoption" time="0.0">
    <ignored/>
  </testcase> <!-- selectoption -->
  <testcase classname="com15dec.loginpage" name="tesyweb" time="0.0">
    <ignored/>
  </testcase> <!-- tesyweb -->
  <testcase classname="com15dec.loginpage" name="highlow" time="0.0">
    <ignored/>
  </testcase> <!-- highlow -->
  <testcase classname="com15dec.loginpage" name="removeoneItemfrotwo" time="0.0">
    <ignored/>
  </testcase> <!-- removeoneItemfrotwo -->
  <testcase classname="com15dec.loginpage" name="checkall" time="0.0">
    <ignored/>
  </testcase> <!-- checkall -->
  <testcase classname="com15dec.loginpage" name="verifyitemcount" time="0.0">
    <ignored/>
  </testcase> <!-- verifyitemcount -->
  <testcase classname="com15dec.loginpage" name="addtwocard" time="0.0">
    <ignored/>
  </testcase> <!-- addtwocard -->
  <testcase classname="com15dec.loginpage" name="testlowhigh" time="0.0">
    <ignored/>
  </testcase> <!-- testlowhigh -->
  <testcase classname="com15dec.loginpage" name="invalidlogincredentials" time="0.0">
    <ignored/>
  </testcase> <!-- invalidlogincredentials -->
  <testcase classname="com15dec.loginpage" name="checkcontinueshopmenu" time="0.0">
    <ignored/>
  </testcase> <!-- checkcontinueshopmenu -->
  <testcase classname="com15dec.loginpage" name="checkoderztoA" time="0.0">
    <ignored/>
  </testcase> <!-- checkoderztoA -->
  <testcase classname="com15dec.loginpage" name="selectmenu" time="0.0">
    <ignored/>
  </testcase> <!-- selectmenu -->
  <testcase classname="com15dec.loginpage" name="checkdashboard" time="0.0">
    <ignored/>
  </testcase> <!-- checkdashboard -->
  <testcase classname="com15dec.loginpage" name="withoutvaluecredentials" time="0.0">
    <ignored/>
  </testcase> <!-- withoutvaluecredentials -->
</testsuite> <!-- Default test -->
